
--- Module:   C:\qp-dev\qpc\examples\arm-cm\dpp_ek-tm4c123gxl\table.c (C)
C:\qp-dev\qpc\examples\arm-cm\dpp_ek-tm4c123gxl\table.c  60  note 9026: function-like macro, 'RIGHT', defined 
    [MISRA 2012 Directive 4.9, advisory]
C:\qp-dev\qpc\examples\arm-cm\dpp_ek-tm4c123gxl\table.c  61  note 9026: function-like macro, 'LEFT', defined 
    [MISRA 2012 Directive 4.9, advisory]
C:\qp-dev\qpc\examples\arm-cm\dpp_ek-tm4c123gxl\dpp.h  35  warning 641: implicit conversion of enum 'QReservedSig' to 
    integral type 'int'
C:\qp-dev\qpc\examples\arm-cm\dpp_ek-tm4c123gxl\table.c  51  info 2701: variable 'Table_inst' declared outside of header 
    is not defined in the same source file
C:\qp-dev\qpc\examples\arm-cm\dpp_ek-tm4c123gxl\table.c  128  note 9084: result of assignment operator used in left 
    operand to ',' operator [MISRA 2012 Rule 13.4, advisory]
C:\qp-dev\qpc\include\qep.h  983  supplemental 893: expanded from macro 'Q_TRAN'
C:\qp-dev\qpc\examples\arm-cm\dpp_ek-tm4c123gxl\table.c  143  warning 527: statement is unreachable due to unconditional 
    transfer of control by 'non-returning call expression' statement [MISRA 2012 Rule 2.1, required]
C:\qp-dev\qpc\examples\arm-cm\dpp_ek-tm4c123gxl\table.c  141  note 9034: cannot assign 'enum (DPPSignals)' to different 
    essential type 'unsigned16' [MISRA 2012 Rule 10.3, required]
C:\qp-dev\qpc\examples\arm-cm\dpp_ek-tm4c123gxl\table.c  136  note 9034: cannot assign 'enum (DPPSignals)' to different 
    essential type 'unsigned16' [MISRA 2012 Rule 10.3, required]
C:\qp-dev\qpc\examples\arm-cm\dpp_ek-tm4c123gxl\table.c  147  note 9084: result of assignment operator used in left 
    operand to ',' operator [MISRA 2012 Rule 13.4, advisory]
C:\qp-dev\qpc\include\qep.h  1016  supplemental 893: expanded from macro 'Q_SUPER'
C:\qp-dev\qpc\examples\arm-cm\dpp_ek-tm4c123gxl\table.c  250  note 9034: cannot assign 'enum (DPPSignals)' to different 
    essential type 'unsigned16' [MISRA 2012 Rule 10.3, required]
C:\qp-dev\qpc\examples\arm-cm\dpp_ek-tm4c123gxl\table.c  209  note 9034: cannot assign 'enum (DPPSignals)' to different 
    essential type 'unsigned16' [MISRA 2012 Rule 10.3, required]
C:\qp-dev\qpc\examples\arm-cm\dpp_ek-tm4c123gxl\table.c  181  note 9034: cannot assign 'enum (DPPSignals)' to different 
    essential type 'unsigned16' [MISRA 2012 Rule 10.3, required]
C:\qp-dev\qpc\examples\arm-cm\dpp_ek-tm4c123gxl\table.c  159  note 9034: cannot assign 'enum (QReservedSig)' to 
    different essential type 'unsigned16' [MISRA 2012 Rule 10.3, required]
C:\qp-dev\qpc\examples\arm-cm\dpp_ek-tm4c123gxl\table.c  251  note 9084: result of assignment operator used in left 
    operand to ',' operator [MISRA 2012 Rule 13.4, advisory]
C:\qp-dev\qpc\include\qep.h  983  supplemental 893: expanded from macro 'Q_TRAN'
C:\qp-dev\qpc\examples\arm-cm\dpp_ek-tm4c123gxl\table.c  255  note 9084: result of assignment operator used in left 
    operand to ',' operator [MISRA 2012 Rule 13.4, advisory]
C:\qp-dev\qpc\include\qep.h  1016  supplemental 893: expanded from macro 'Q_SUPER'
C:\qp-dev\qpc\examples\arm-cm\dpp_ek-tm4c123gxl\table.c  294  note 9034: cannot assign 'enum (DPPSignals)' to different 
    essential type 'unsigned16' [MISRA 2012 Rule 10.3, required]
C:\qp-dev\qpc\examples\arm-cm\dpp_ek-tm4c123gxl\table.c  284  note 9034: cannot assign 'enum (DPPSignals)' to different 
    essential type 'unsigned16' [MISRA 2012 Rule 10.3, required]
C:\qp-dev\qpc\examples\arm-cm\dpp_ek-tm4c123gxl\table.c  279  note 9034: cannot assign 'enum (DPPSignals)' to different 
    essential type 'unsigned16' [MISRA 2012 Rule 10.3, required]
C:\qp-dev\qpc\examples\arm-cm\dpp_ek-tm4c123gxl\table.c  273  note 9034: cannot assign 'enum (QReservedSig)' to 
    different essential type 'unsigned16' [MISRA 2012 Rule 10.3, required]
C:\qp-dev\qpc\examples\arm-cm\dpp_ek-tm4c123gxl\table.c  267  note 9034: cannot assign 'enum (QReservedSig)' to 
    different essential type 'unsigned16' [MISRA 2012 Rule 10.3, required]
C:\qp-dev\qpc\examples\arm-cm\dpp_ek-tm4c123gxl\table.c  280  note 9084: result of assignment operator used in left 
    operand to ',' operator [MISRA 2012 Rule 13.4, advisory]
C:\qp-dev\qpc\include\qep.h  983  supplemental 893: expanded from macro 'Q_TRAN'
C:\qp-dev\qpc\examples\arm-cm\dpp_ek-tm4c123gxl\table.c  312  note 9084: result of assignment operator used in left 
    operand to ',' operator [MISRA 2012 Rule 13.4, advisory]
C:\qp-dev\qpc\include\qep.h  1016  supplemental 893: expanded from macro 'Q_SUPER'
--- Module Wrap-up
Count   Type    Number  Text

1       warning 527     statement is unreachable due to unconditional transfer of control by '__string__' statement
1       warning 641     implicit conversion of enum __symbol__ to integral type __type__
6       supplemental    893     expanded from macro
1       info    2701    __variable/function__ __symbol__ declared outside of header is not defined in the same source file
2       note    9026    function-like macro, '__macro__', defined
11      note    9034    cannot assign '__essential-type__' to __narrow/different__ essential type '__essential-type__'
6       note    9084    result of assignment operator used in __string__
